[2022-04-21 12:09:39] local.ERROR: View [auth.login] not found. {"exception":"[object] (InvalidArgumentException(code: 0): View [auth.login] not found. at /home/u894258872/domains/55activeplaces.com/public_html/thrustlogistics/vendor/laravel/framework/src/Illuminate/View/FileViewFinder.php:137)
[stacktrace]
#0 /home/u894258872/domains/55activeplaces.com/public_html/thrustlogistics/vendor/laravel/framework/src/Illuminate/View/FileViewFinder.php(79): Illuminate\\View\\FileViewFinder->findInPaths()
#1 /home/u894258872/domains/55activeplaces.com/public_html/thrustlogistics/vendor/laravel/framework/src/Illuminate/View/Factory.php(137): Illuminate\\View\\FileViewFinder->find()
#2 /home/u894258872/domains/55activeplaces.com/public_html/thrustlogistics/vendor/laravel/framework/src/Illuminate/Foundation/helpers.php(948): Illuminate\\View\\Factory->make()
#3 /home/u894258872/domains/55activeplaces.com/public_html/thrustlogistics/app/Http/Controllers/Auth/AuthenticatedSessionController.php(20): view()
#4 /home/u894258872/domains/55activeplaces.com/public_html/thrustlogistics/vendor/laravel/framework/src/Illuminate/Routing/Controller.php(54): App\\Http\\Controllers\\Auth\\AuthenticatedSessionController->create()
#5 /home/u894258872/domains/55activeplaces.com/public_html/thrustlogistics/vendor/laravel/framework/src/Illuminate/Routing/ControllerDispatcher.php(45): Illuminate\\Routing\\Controller->callAction()
#6 /home/u894258872/domains/55activeplaces.com/public_html/thrustlogistics/vendor/laravel/framework/src/Illuminate/Routing/Route.php(261): Illuminate\\Routing\\ControllerDispatcher->dispatch()
#7 /home/u894258872/domains/55activeplaces.com/public_html/thrustlogistics/vendor/laravel/framework/src/Illuminate/Routing/Route.php(204): Illuminate\\Routing\\Route->runController()
#8 /home/u894258872/domains/55activeplaces.com/public_html/thrustlogistics/vendor/laravel/framework/src/Illuminate/Routing/Router.php(725): Illuminate\\Routing\\Route->run()
#9 /home/u894258872/domains/55activeplaces.com/public_html/thrustlogistics/vendor/laravel/framework/src/Illuminate/Pipeline/Pipeline.php(141): Illuminate\\Routing\\Router->Illuminate\\Routing\\{closure}()
#10 /home/u894258872/domains/55activeplaces.com/public_html/thrustlogistics/app/Http/Middleware/RedirectIfAuthenticated.php(30): Illuminate\\Pipeline\\Pipeline->Illuminate\\Pipeline\\{closure}()
#11 /home/u894258872/domains/55activeplaces.com/public_html/thrustlogistics/vendor/laravel/framework/src/Illuminate/Pipeline/Pipeline.php(180): App\\Http\\Middleware\\RedirectIfAuthenticated->handle()
#12 /home/u894258872/domains/55activeplaces.com/public_html/thrustlogistics/vendor/laravel/framework/src/Illuminate/Routing/Middleware/SubstituteBindings.php(50): Illuminate\\Pipeline\\Pipeline->Illuminate\\Pipeline\\{closure}()
#13 /home/u894258872/domains/55activeplaces.com/public_html/thrustlogistics/vendor/laravel/framework/src/Illuminate/Pipeline/Pipeline.php(180): Illuminate\\Routing\\Middleware\\SubstituteBindings->handle()
#14 /home/u894258872/domains/55activeplaces.com/public_html/thrustlogistics/vendor/laravel/framework/src/Illuminate/Foundation/Http/Middleware/VerifyCsrfToken.php(78): Illuminate\\Pipeline\\Pipeline->Illuminate\\Pipeline\\{closure}()
#15 /home/u894258872/domains/55activeplaces.com/public_html/thrustlogistics/vendor/laravel/framework/src/Illuminate/Pipeline/Pipeline.php(180): Illuminate\\Foundation\\Http\\Middleware\\VerifyCsrfToken->handle()
#16 /home/u894258872/domains/55activeplaces.com/public_html/thrustlogistics/vendor/laravel/framework/src/Illuminate/View/Middleware/ShareErrorsFromSession.php(49): Illuminate\\Pipeline\\Pipeline->Illuminate\\Pipeline\\{closure}()
#17 /home/u894258872/domains/55activeplaces.com/public_html/thrustlogistics/vendor/laravel/framework/src/Illuminate/Pipeline/Pipeline.php(180): Illuminate\\View\\Middleware\\ShareErrorsFromSession->handle()
#18 /home/u894258872/domains/55activeplaces.com/public_html/thrustlogistics/vendor/laravel/framework/src/Illuminate/Session/Middleware/StartSession.php(121): Illuminate\\Pipeline\\Pipeline->Illuminate\\Pipeline\\{closure}()
#19 /home/u894258872/domains/55activeplaces.com/public_html/thrustlogistics/vendor/laravel/framework/src/Illuminate/Session/Middleware/StartSession.php(64): Illuminate\\Session\\Middleware\\StartSession->handleStatefulRequest()
#20 /home/u894258872/domains/55activeplaces.com/public_html/thrustlogistics/vendor/laravel/framework/src/Illuminate/Pipeline/Pipeline.php(180): Illuminate\\Session\\Middleware\\StartSession->handle()
#21 /home/u894258872/domains/55activeplaces.com/public_html/thrustlogistics/vendor/laravel/framework/src/Illuminate/Cookie/Middleware/AddQueuedCookiesToResponse.php(37): Illuminate\\Pipeline\\Pipeline->Illuminate\\Pipeline\\{closure}()
#22 /home/u894258872/domains/55activeplaces.com/public_html/thrustlogistics/vendor/laravel/framework/src/Illuminate/Pipeline/Pipeline.php(180): Illuminate\\Cookie\\Middleware\\AddQueuedCookiesToResponse->handle()
#23 /home/u894258872/domains/55activeplaces.com/public_html/thrustlogistics/vendor/laravel/framework/src/Illuminate/Cookie/Middleware/EncryptCookies.php(67): Illuminate\\Pipeline\\Pipeline->Illuminate\\Pipeline\\{closure}()
#24 /home/u894258872/domains/55activeplaces.com/public_html/thrustlogistics/vendor/laravel/framework/src/Illuminate/Pipeline/Pipeline.php(180): Illuminate\\Cookie\\Middleware\\EncryptCookies->handle()
#25 /home/u894258872/domains/55activeplaces.com/public_html/thrustlogistics/vendor/laravel/framework/src/Illuminate/Pipeline/Pipeline.php(116): Illuminate\\Pipeline\\Pipeline->Illuminate\\Pipeline\\{closure}()
#26 /home/u894258872/domains/55activeplaces.com/public_html/thrustlogistics/vendor/laravel/framework/src/Illuminate/Routing/Router.php(727): Illuminate\\Pipeline\\Pipeline->then()
#27 /home/u894258872/domains/55activeplaces.com/public_html/thrustlogistics/vendor/laravel/framework/src/Illuminate/Routing/Router.php(702): Illuminate\\Routing\\Router->runRouteWithinStack()
#28 /home/u894258872/domains/55activeplaces.com/public_html/thrustlogistics/vendor/laravel/framework/src/Illuminate/Routing/Router.php(666): Illuminate\\Routing\\Router->runRoute()
#29 /home/u894258872/domains/55activeplaces.com/public_html/thrustlogistics/vendor/laravel/framework/src/Illuminate/Routing/Router.php(655): Illuminate\\Routing\\Router->dispatchToRoute()
#30 /home/u894258872/domains/55activeplaces.com/public_html/thrustlogistics/vendor/laravel/framework/src/Illuminate/Foundation/Http/Kernel.php(167): Illuminate\\Routing\\Router->dispatch()
#31 /home/u894258872/domains/55activeplaces.com/public_html/thrustlogistics/vendor/laravel/framework/src/Illuminate/Pipeline/Pipeline.php(141): Illuminate\\Foundation\\Http\\Kernel->Illuminate\\Foundation\\Http\\{closure}()
#32 /home/u894258872/domains/55activeplaces.com/public_html/thrustlogistics/vendor/laravel/framework/src/Illuminate/Foundation/Http/Middleware/TransformsRequest.php(21): Illuminate\\Pipeline\\Pipeline->Illuminate\\Pipeline\\{closure}()
#33 /home/u894258872/domains/55activeplaces.com/public_html/thrustlogistics/vendor/laravel/framework/src/Illuminate/Foundation/Http/Middleware/ConvertEmptyStringsToNull.php(31): Illuminate\\Foundation\\Http\\Middleware\\TransformsRequest->handle()
#34 /home/u894258872/domains/55activeplaces.com/public_html/thrustlogistics/vendor/laravel/framework/src/Illuminate/Pipeline/Pipeline.php(180): Illuminate\\Foundation\\Http\\Middleware\\ConvertEmptyStringsToNull->handle()
#35 /home/u894258872/domains/55activeplaces.com/public_html/thrustlogistics/vendor/laravel/framework/src/Illuminate/Foundation/Http/Middleware/TransformsRequest.php(21): Illuminate\\Pipeline\\Pipeline->Illuminate\\Pipeline\\{closure}()
#36 /home/u894258872/domains/55activeplaces.com/public_html/thrustlogistics/vendor/laravel/framework/src/Illuminate/Foundation/Http/Middleware/TrimStrings.php(40): Illuminate\\Foundation\\Http\\Middleware\\TransformsRequest->handle()
#37 /home/u894258872/domains/55activeplaces.com/public_html/thrustlogistics/vendor/laravel/framework/src/Illuminate/Pipeline/Pipeline.php(180): Illuminate\\Foundation\\Http\\Middleware\\TrimStrings->handle()
#38 /home/u894258872/domains/55activeplaces.com/public_html/thrustlogistics/vendor/laravel/framework/src/Illuminate/Foundation/Http/Middleware/ValidatePostSize.php(27): Illuminate\\Pipeline\\Pipeline->Illuminate\\Pipeline\\{closure}()
#39 /home/u894258872/domains/55activeplaces.com/public_html/thrustlogistics/vendor/laravel/framework/src/Illuminate/Pipeline/Pipeline.php(180): Illuminate\\Foundation\\Http\\Middleware\\ValidatePostSize->handle()
#40 /home/u894258872/domains/55activeplaces.com/public_html/thrustlogistics/vendor/laravel/framework/src/Illuminate/Foundation/Http/Middleware/PreventRequestsDuringMaintenance.php(86): Illuminate\\Pipeline\\Pipeline->Illuminate\\Pipeline\\{closure}()
#41 /home/u894258872/domains/55activeplaces.com/public_html/thrustlogistics/vendor/laravel/framework/src/Illuminate/Pipeline/Pipeline.php(180): Illuminate\\Foundation\\Http\\Middleware\\PreventRequestsDuringMaintenance->handle()
#42 /home/u894258872/domains/55activeplaces.com/public_html/thrustlogistics/vendor/laravel/framework/src/Illuminate/Http/Middleware/HandleCors.php(49): Illuminate\\Pipeline\\Pipeline->Illuminate\\Pipeline\\{closure}()
#43 /home/u894258872/domains/55activeplaces.com/public_html/thrustlogistics/vendor/laravel/framework/src/Illuminate/Pipeline/Pipeline.php(180): Illuminate\\Http\\Middleware\\HandleCors->handle()
#44 /home/u894258872/domains/55activeplaces.com/public_html/thrustlogistics/vendor/laravel/framework/src/Illuminate/Http/Middleware/TrustProxies.php(39): Illuminate\\Pipeline\\Pipeline->Illuminate\\Pipeline\\{closure}()
#45 /home/u894258872/domains/55activeplaces.com/public_html/thrustlogistics/vendor/laravel/framework/src/Illuminate/Pipeline/Pipeline.php(180): Illuminate\\Http\\Middleware\\TrustProxies->handle()
#46 /home/u894258872/domains/55activeplaces.com/public_html/thrustlogistics/vendor/laravel/framework/src/Illuminate/Pipeline/Pipeline.php(116): Illuminate\\Pipeline\\Pipeline->Illuminate\\Pipeline\\{closure}()
#47 /home/u894258872/domains/55activeplaces.com/public_html/thrustlogistics/vendor/laravel/framework/src/Illuminate/Foundation/Http/Kernel.php(142): Illuminate\\Pipeline\\Pipeline->then()
#48 /home/u894258872/domains/55activeplaces.com/public_html/thrustlogistics/vendor/laravel/framework/src/Illuminate/Foundation/Http/Kernel.php(111): Illuminate\\Foundation\\Http\\Kernel->sendRequestThroughRouter()
#49 /home/u894258872/domains/55activeplaces.com/public_html/thrustlogistics/public/index.php(52): Illuminate\\Foundation\\Http\\Kernel->handle()
#50 {main}
"} 
[2022-04-21 12:09:46] local.ERROR: View [auth.login] not found. {"exception":"[object] (InvalidArgumentException(code: 0): View [auth.login] not found. at /home/u894258872/domains/55activeplaces.com/public_html/thrustlogistics/vendor/laravel/framework/src/Illuminate/View/FileViewFinder.php:137)
[stacktrace]
#0 /home/u894258872/domains/55activeplaces.com/public_html/thrustlogistics/vendor/laravel/framework/src/Illuminate/View/FileViewFinder.php(79): Illuminate\\View\\FileViewFinder->findInPaths()
#1 /home/u894258872/domains/55activeplaces.com/public_html/thrustlogistics/vendor/laravel/framework/src/Illuminate/View/Factory.php(137): Illuminate\\View\\FileViewFinder->find()
#2 /home/u894258872/domains/55activeplaces.com/public_html/thrustlogistics/vendor/laravel/framework/src/Illuminate/Foundation/helpers.php(948): Illuminate\\View\\Factory->make()
#3 /home/u894258872/domains/55activeplaces.com/public_html/thrustlogistics/app/Http/Controllers/Auth/AuthenticatedSessionController.php(20): view()
#4 /home/u894258872/domains/55activeplaces.com/public_html/thrustlogistics/vendor/laravel/framework/src/Illuminate/Routing/Controller.php(54): App\\Http\\Controllers\\Auth\\AuthenticatedSessionController->create()
#5 /home/u894258872/domains/55activeplaces.com/public_html/thrustlogistics/vendor/laravel/framework/src/Illuminate/Routing/ControllerDispatcher.php(45): Illuminate\\Routing\\Controller->callAction()
#6 /home/u894258872/domains/55activeplaces.com/public_html/thrustlogistics/vendor/laravel/framework/src/Illuminate/Routing/Route.php(261): Illuminate\\Routing\\ControllerDispatcher->dispatch()
#7 /home/u894258872/domains/55activeplaces.com/public_html/thrustlogistics/vendor/laravel/framework/src/Illuminate/Routing/Route.php(204): Illuminate\\Routing\\Route->runController()
#8 /home/u894258872/domains/55activeplaces.com/public_html/thrustlogistics/vendor/laravel/framework/src/Illuminate/Routing/Router.php(725): Illuminate\\Routing\\Route->run()
#9 /home/u894258872/domains/55activeplaces.com/public_html/thrustlogistics/vendor/laravel/framework/src/Illuminate/Pipeline/Pipeline.php(141): Illuminate\\Routing\\Router->Illuminate\\Routing\\{closure}()
#10 /home/u894258872/domains/55activeplaces.com/public_html/thrustlogistics/app/Http/Middleware/RedirectIfAuthenticated.php(30): Illuminate\\Pipeline\\Pipeline->Illuminate\\Pipeline\\{closure}()
#11 /home/u894258872/domains/55activeplaces.com/public_html/thrustlogistics/vendor/laravel/framework/src/Illuminate/Pipeline/Pipeline.php(180): App\\Http\\Middleware\\RedirectIfAuthenticated->handle()
#12 /home/u894258872/domains/55activeplaces.com/public_html/thrustlogistics/vendor/laravel/framework/src/Illuminate/Routing/Middleware/SubstituteBindings.php(50): Illuminate\\Pipeline\\Pipeline->Illuminate\\Pipeline\\{closure}()
#13 /home/u894258872/domains/55activeplaces.com/public_html/thrustlogistics/vendor/laravel/framework/src/Illuminate/Pipeline/Pipeline.php(180): Illuminate\\Routing\\Middleware\\SubstituteBindings->handle()
#14 /home/u894258872/domains/55activeplaces.com/public_html/thrustlogistics/vendor/laravel/framework/src/Illuminate/Foundation/Http/Middleware/VerifyCsrfToken.php(78): Illuminate\\Pipeline\\Pipeline->Illuminate\\Pipeline\\{closure}()
#15 /home/u894258872/domains/55activeplaces.com/public_html/thrustlogistics/vendor/laravel/framework/src/Illuminate/Pipeline/Pipeline.php(180): Illuminate\\Foundation\\Http\\Middleware\\VerifyCsrfToken->handle()
#16 /home/u894258872/domains/55activeplaces.com/public_html/thrustlogistics/vendor/laravel/framework/src/Illuminate/View/Middleware/ShareErrorsFromSession.php(49): Illuminate\\Pipeline\\Pipeline->Illuminate\\Pipeline\\{closure}()
#17 /home/u894258872/domains/55activeplaces.com/public_html/thrustlogistics/vendor/laravel/framework/src/Illuminate/Pipeline/Pipeline.php(180): Illuminate\\View\\Middleware\\ShareErrorsFromSession->handle()
#18 /home/u894258872/domains/55activeplaces.com/public_html/thrustlogistics/vendor/laravel/framework/src/Illuminate/Session/Middleware/StartSession.php(121): Illuminate\\Pipeline\\Pipeline->Illuminate\\Pipeline\\{closure}()
#19 /home/u894258872/domains/55activeplaces.com/public_html/thrustlogistics/vendor/laravel/framework/src/Illuminate/Session/Middleware/StartSession.php(64): Illuminate\\Session\\Middleware\\StartSession->handleStatefulRequest()
#20 /home/u894258872/domains/55activeplaces.com/public_html/thrustlogistics/vendor/laravel/framework/src/Illuminate/Pipeline/Pipeline.php(180): Illuminate\\Session\\Middleware\\StartSession->handle()
#21 /home/u894258872/domains/55activeplaces.com/public_html/thrustlogistics/vendor/laravel/framework/src/Illuminate/Cookie/Middleware/AddQueuedCookiesToResponse.php(37): Illuminate\\Pipeline\\Pipeline->Illuminate\\Pipeline\\{closure}()
#22 /home/u894258872/domains/55activeplaces.com/public_html/thrustlogistics/vendor/laravel/framework/src/Illuminate/Pipeline/Pipeline.php(180): Illuminate\\Cookie\\Middleware\\AddQueuedCookiesToResponse->handle()
#23 /home/u894258872/domains/55activeplaces.com/public_html/thrustlogistics/vendor/laravel/framework/src/Illuminate/Cookie/Middleware/EncryptCookies.php(67): Illuminate\\Pipeline\\Pipeline->Illuminate\\Pipeline\\{closure}()
#24 /home/u894258872/domains/55activeplaces.com/public_html/thrustlogistics/vendor/laravel/framework/src/Illuminate/Pipeline/Pipeline.php(180): Illuminate\\Cookie\\Middleware\\EncryptCookies->handle()
#25 /home/u894258872/domains/55activeplaces.com/public_html/thrustlogistics/vendor/laravel/framework/src/Illuminate/Pipeline/Pipeline.php(116): Illuminate\\Pipeline\\Pipeline->Illuminate\\Pipeline\\{closure}()
#26 /home/u894258872/domains/55activeplaces.com/public_html/thrustlogistics/vendor/laravel/framework/src/Illuminate/Routing/Router.php(727): Illuminate\\Pipeline\\Pipeline->then()
#27 /home/u894258872/domains/55activeplaces.com/public_html/thrustlogistics/vendor/laravel/framework/src/Illuminate/Routing/Router.php(702): Illuminate\\Routing\\Router->runRouteWithinStack()
#28 /home/u894258872/domains/55activeplaces.com/public_html/thrustlogistics/vendor/laravel/framework/src/Illuminate/Routing/Router.php(666): Illuminate\\Routing\\Router->runRoute()
#29 /home/u894258872/domains/55activeplaces.com/public_html/thrustlogistics/vendor/laravel/framework/src/Illuminate/Routing/Router.php(655): Illuminate\\Routing\\Router->dispatchToRoute()
#30 /home/u894258872/domains/55activeplaces.com/public_html/thrustlogistics/vendor/laravel/framework/src/Illuminate/Foundation/Http/Kernel.php(167): Illuminate\\Routing\\Router->dispatch()
#31 /home/u894258872/domains/55activeplaces.com/public_html/thrustlogistics/vendor/laravel/framework/src/Illuminate/Pipeline/Pipeline.php(141): Illuminate\\Foundation\\Http\\Kernel->Illuminate\\Foundation\\Http\\{closure}()
#32 /home/u894258872/domains/55activeplaces.com/public_html/thrustlogistics/vendor/laravel/framework/src/Illuminate/Foundation/Http/Middleware/TransformsRequest.php(21): Illuminate\\Pipeline\\Pipeline->Illuminate\\Pipeline\\{closure}()
#33 /home/u894258872/domains/55activeplaces.com/public_html/thrustlogistics/vendor/laravel/framework/src/Illuminate/Foundation/Http/Middleware/ConvertEmptyStringsToNull.php(31): Illuminate\\Foundation\\Http\\Middleware\\TransformsRequest->handle()
#34 /home/u894258872/domains/55activeplaces.com/public_html/thrustlogistics/vendor/laravel/framework/src/Illuminate/Pipeline/Pipeline.php(180): Illuminate\\Foundation\\Http\\Middleware\\ConvertEmptyStringsToNull->handle()
#35 /home/u894258872/domains/55activeplaces.com/public_html/thrustlogistics/vendor/laravel/framework/src/Illuminate/Foundation/Http/Middleware/TransformsRequest.php(21): Illuminate\\Pipeline\\Pipeline->Illuminate\\Pipeline\\{closure}()
#36 /home/u894258872/domains/55activeplaces.com/public_html/thrustlogistics/vendor/laravel/framework/src/Illuminate/Foundation/Http/Middleware/TrimStrings.php(40): Illuminate\\Foundation\\Http\\Middleware\\TransformsRequest->handle()
#37 /home/u894258872/domains/55activeplaces.com/public_html/thrustlogistics/vendor/laravel/framework/src/Illuminate/Pipeline/Pipeline.php(180): Illuminate\\Foundation\\Http\\Middleware\\TrimStrings->handle()
#38 /home/u894258872/domains/55activeplaces.com/public_html/thrustlogistics/vendor/laravel/framework/src/Illuminate/Foundation/Http/Middleware/ValidatePostSize.php(27): Illuminate\\Pipeline\\Pipeline->Illuminate\\Pipeline\\{closure}()
#39 /home/u894258872/domains/55activeplaces.com/public_html/thrustlogistics/vendor/laravel/framework/src/Illuminate/Pipeline/Pipeline.php(180): Illuminate\\Foundation\\Http\\Middleware\\ValidatePostSize->handle()
#40 /home/u894258872/domains/55activeplaces.com/public_html/thrustlogistics/vendor/laravel/framework/src/Illuminate/Foundation/Http/Middleware/PreventRequestsDuringMaintenance.php(86): Illuminate\\Pipeline\\Pipeline->Illuminate\\Pipeline\\{closure}()
#41 /home/u894258872/domains/55activeplaces.com/public_html/thrustlogistics/vendor/laravel/framework/src/Illuminate/Pipeline/Pipeline.php(180): Illuminate\\Foundation\\Http\\Middleware\\PreventRequestsDuringMaintenance->handle()
#42 /home/u894258872/domains/55activeplaces.com/public_html/thrustlogistics/vendor/laravel/framework/src/Illuminate/Http/Middleware/HandleCors.php(49): Illuminate\\Pipeline\\Pipeline->Illuminate\\Pipeline\\{closure}()
#43 /home/u894258872/domains/55activeplaces.com/public_html/thrustlogistics/vendor/laravel/framework/src/Illuminate/Pipeline/Pipeline.php(180): Illuminate\\Http\\Middleware\\HandleCors->handle()
#44 /home/u894258872/domains/55activeplaces.com/public_html/thrustlogistics/vendor/laravel/framework/src/Illuminate/Http/Middleware/TrustProxies.php(39): Illuminate\\Pipeline\\Pipeline->Illuminate\\Pipeline\\{closure}()
#45 /home/u894258872/domains/55activeplaces.com/public_html/thrustlogistics/vendor/laravel/framework/src/Illuminate/Pipeline/Pipeline.php(180): Illuminate\\Http\\Middleware\\TrustProxies->handle()
#46 /home/u894258872/domains/55activeplaces.com/public_html/thrustlogistics/vendor/laravel/framework/src/Illuminate/Pipeline/Pipeline.php(116): Illuminate\\Pipeline\\Pipeline->Illuminate\\Pipeline\\{closure}()
#47 /home/u894258872/domains/55activeplaces.com/public_html/thrustlogistics/vendor/laravel/framework/src/Illuminate/Foundation/Http/Kernel.php(142): Illuminate\\Pipeline\\Pipeline->then()
#48 /home/u894258872/domains/55activeplaces.com/public_html/thrustlogistics/vendor/laravel/framework/src/Illuminate/Foundation/Http/Kernel.php(111): Illuminate\\Foundation\\Http\\Kernel->sendRequestThroughRouter()
#49 /home/u894258872/domains/55activeplaces.com/public_html/thrustlogistics/public/index.php(52): Illuminate\\Foundation\\Http\\Kernel->handle()
#50 {main}
"} 
